
=== Wed Jun  2 23:41:43 2021

Packages were changed.
Update Mode: updateDependencies

The following packages were added:
  com.unity.ide.visualstudio@2.0.7
The following packages were updated:
  com.unity.ads from version 2.3.1 to 3.7.1
  com.unity.analytics from version 3.3.2 to 3.5.3
  com.unity.cinemachine from version 2.3.4 to 2.5.0
  com.unity.collab-proxy from version 1.2.16 to 1.3.9
  com.unity.ext.nunit from version 1.0.0 to 1.0.6
  com.unity.ide.rider from version 1.0.8 to 2.0.7
  com.unity.ide.vscode from version 1.0.7 to 1.2.3
  com.unity.postprocessing from version 2.1.2 to 2.3.0
  com.unity.purchasing from version 2.0.6 to 3.0.2
  com.unity.test-framework from version 1.0.13 to 1.1.24
  com.unity.textmeshpro from version 2.0.1 to 3.0.1
  com.unity.timeline from version 1.1.0 to 1.4.7
  com.unity.xr.legacyinputhelpers from version 2.0.2 to 2.1.7
The following packages were removed:
  com.unity.package-manager-ui@2.2.0

=== Thu Jun  3 15:11:23 2021

Packages were changed.
Update Mode: updateDependencies

The following packages were updated:
  com.unity.collab-proxy from version 1.3.9 to 1.5.7
  com.unity.ide.visualstudio from version 2.0.7 to 2.0.8
  com.unity.purchasing from version 3.0.2 to 3.1.0
  com.unity.textmeshpro from version 3.0.1 to 3.0.6
  com.unity.timeline from version 1.4.7 to 1.4.8
